[debug] [2018-05-03T03:04:58.807Z] ----------------------------------------------------------------------
[debug] [2018-05-03T03:04:58.823Z] Command:       C:\Users\manue\Panacea\node.exe C:\Users\manue\AppData\Roaming\npm\node_modules\firebase-tools\bin\firebase serve
[debug] [2018-05-03T03:04:58.823Z] CLI Version:   3.18.4
[debug] [2018-05-03T03:04:58.823Z] Platform:      win32
[debug] [2018-05-03T03:04:58.823Z] Node Version:  v8.11.1
[debug] [2018-05-03T03:04:58.823Z] Time:          Wed May 02 2018 22:04:58 GMT-0500 (Hora est. Pacífico, Sudamérica)
[debug] [2018-05-03T03:04:58.823Z] ----------------------------------------------------------------------
[debug] 
[debug] [2018-05-03T03:04:58.823Z] > command requires scopes: ["email","openid","https://www.googleapis.com/auth/cloudplatformprojects.readonly","https://www.googleapis.com/auth/firebase","https://www.googleapis.com/auth/cloud-platform"]
[debug] [2018-05-03T03:04:58.839Z] > authorizing via signed-in user
[debug] [2018-05-03T03:04:58.839Z] >>> HTTP REQUEST GET https://admin.firebase.com/v1/projects/panacea-202116  
  
 Wed May 02 2018 22:04:58 GMT-0500 (Hora est. Pacífico, Sudamérica)
[debug] [2018-05-03T03:04:59.686Z] <<< HTTP RESPONSE 200
[debug] [2018-05-03T03:04:59.687Z] >>> HTTP REQUEST GET https://admin.firebase.com/v1/database/panacea-202116/tokens  
  
 Wed May 02 2018 22:04:59 GMT-0500 (Hora est. Pacífico, Sudamérica)
[debug] [2018-05-03T03:05:00.253Z] <<< HTTP RESPONSE 200
[debug] [2018-05-03T03:05:00.255Z] >>> HTTP REQUEST GET https://cloudresourcemanager.googleapis.com/v1/projects/panacea-202116  
  
 Wed May 02 2018 22:05:00 GMT-0500 (Hora est. Pacífico, Sudamérica)
[debug] [2018-05-03T03:05:00.990Z] <<< HTTP RESPONSE 200
[info] 
[info] === Serving from 'C:\Users\manue\Documents\GitHub\panacea-app'...
[info] 
[info] i  functions: Preparing to emulate functions.
[debug] [2018-05-03T03:05:02.263Z] Fetching environment
[debug] [2018-05-03T03:05:02.282Z] >>> HTTP REQUEST GET https://mobilesdk-pa.googleapis.com/v1/projects/895239331196:getServerAppConfig  
  
 Wed May 02 2018 22:05:02 GMT-0500 (Hora est. Pacífico, Sudamérica)
[debug] [2018-05-03T03:05:02.283Z] >>> HTTP REQUEST GET https://mobilesdk-pa.googleapis.com/v1/projects/895239331196/clients/_:getWebAppConfig  
  
 Wed May 02 2018 22:05:02 GMT-0500 (Hora est. Pacífico, Sudamérica)
[debug] [2018-05-03T03:05:03.171Z] <<< HTTP RESPONSE 200
[info] i  hosting: Serving hosting files from: public
[info] +  hosting: Local server: http://localhost:5000

[debug] [2018-05-03T03:05:03.686Z] <<< HTTP RESPONSE 200
[debug] [2018-05-03T03:05:03.686Z] Starting @google-cloud/functions-emulator
[debug] [2018-05-03T03:05:05.991Z] Parsing function triggers
